[18:47:18] [ServerMain/INFO]: [bootstrap] Running Java 25 (OpenJDK 64-Bit Server VM 25.0.1+8-Ubuntu-124.04; Ubuntu null) on Linux 6.8.0-1030-azure (amd64)
[18:47:18] [ServerMain/INFO]: [bootstrap] Loading Paper 1.21.11-69-main@94d0c97 (2025-12-30T20:33:30Z) for Minecraft 1.21.11
[18:47:19] [ServerMain/INFO]: [PluginInitializerManager] Initializing plugins...
[18:47:19] [ServerMain/INFO]: [PluginInitializerManager] Initialized 0 plugins
[18:47:19] [Paper Plugin Remapper Thread - 1/INFO]: [ReobfServer] Remapping server...
[18:47:34] [ServerMain/INFO]: Environment: Environment[sessionHost=https://sessionserver.mojang.com, servicesHost=https://api.minecraftservices.com, profilesHost=https://api.mojang.com, name=PROD]
[18:47:34] [ServerMain/INFO]: Found new data pack file/bukkit, loading it automatically
[18:47:34] [ServerMain/INFO]: Found new data pack paper, loading it automatically
[18:47:36] [ServerMain/INFO]: No existing world data, creating new world
[18:47:37] [Paper Plugin Remapper Thread - 1/INFO]: [ReobfServer] Done remapping server in 17503ms.
[18:47:38] [ServerMain/INFO]: Loaded 1470 recipes
[18:47:38] [ServerMain/INFO]: Loaded 1584 advancements
[18:47:38] [ServerMain/INFO]: [ca.spottedleaf.dataconverter.minecraft.datatypes.MCTypeRegistry] Initialising converters for DataConverter...
[18:47:39] [ServerMain/INFO]: [ca.spottedleaf.dataconverter.minecraft.datatypes.MCTypeRegistry] Finished initialising converters for DataConverter in 633.3ms
[18:47:39] [Server thread/INFO]: Starting minecraft server version 1.21.11
[18:47:39] [Server thread/INFO]: Loading properties
[18:47:39] [Server thread/INFO]: This server is running Paper version 1.21.11-69-main@94d0c97 (2025-12-30T20:33:30Z) (Implementing API version 1.21.11-R0.1-SNAPSHOT)
[18:47:39] [Server thread/INFO]: [spark] This server bundles the spark profiler. For more information please visit https://docs.papermc.io/paper/profiling
[18:47:39] [Server thread/INFO]: Server Ping Player Sample Count: 12
[18:47:39] [Server thread/INFO]: Using 4 threads for Netty based IO
[18:47:41] [Server thread/INFO]: [MoonriseCommon] Paper is using 1 worker threads, 1 I/O threads
[18:47:41] [Server thread/INFO]: Default game type: SURVIVAL
[18:47:41] [Server thread/INFO]: Generating keypair
[18:47:41] [Server thread/INFO]: Starting Minecraft server on *:25565
[18:47:41] [Server thread/INFO]: Paper: Using libdeflate (Linux x86_64) compression from Velocity.
[18:47:41] [Server thread/INFO]: Paper: Using OpenSSL 3.x.x (Linux x86_64) cipher from Velocity.
[18:47:42] [Server thread/INFO]: Preparing level "world"
[18:47:42] [Server thread/INFO]: Selecting spawn point for world 'minecraft:overworld'...
[18:47:53] [Server thread/INFO]: Selecting spawn point for world 'minecraft:the_nether'...
[18:47:55] [Server thread/INFO]: Selecting spawn point for world 'minecraft:the_end'...
[18:47:55] [Server thread/INFO]: Loading 0 persistent chunks for world 'minecraft:overworld'...
[18:47:55] [Server thread/INFO]: Preparing spawn area: 100%
[18:47:55] [Server thread/INFO]: Prepared spawn area in 12768 ms
[18:47:55] [Server thread/INFO]: Loading 0 persistent chunks for world 'minecraft:the_nether'...
[18:47:55] [Server thread/INFO]: Preparing spawn area: 100%
[18:47:55] [Server thread/INFO]: Prepared spawn area in 2005 ms
[18:47:55] [Server thread/INFO]: Loading 0 persistent chunks for world 'minecraft:the_end'...
[18:47:55] [Server thread/INFO]: Preparing spawn area: 100%
[18:47:55] [Server thread/INFO]: Prepared spawn area in 505 ms
[18:47:55] [Server thread/INFO]: Done preparing level "world" (13.492s)
[18:47:55] [Server thread/INFO]: [spark] Starting background profiler...
[18:47:56] [Server thread/INFO]: Running delayed init tasks
[18:47:56] [Server thread/INFO]: Done (38.548s)! For help, type "help"
[18:47:56] [Server thread/INFO]: *************************************************************************************
[18:47:56] [Server thread/INFO]: This is the first time you're starting this server.
[18:47:56] [Server thread/INFO]: It's recommended you read our 'Getting Started' documentation for guidance.
[18:47:56] [Server thread/INFO]: View this and more helpful information here: https://docs.papermc.io/paper/next-steps
[18:47:56] [Server thread/INFO]: *************************************************************************************
[18:48:01] [Server thread/INFO]: Stopping the server
[18:48:02] [Server thread/INFO]: Stopping server
[18:48:02] [Server thread/INFO]: Saving players
[18:48:02] [Server thread/INFO]: Saving worlds
[18:48:02] [Server thread/INFO]: Saving chunks for level 'ServerLevel[world]'/minecraft:overworld
[18:48:02] [Server thread/INFO]: [ChunkHolderManager] Waiting 60s for chunk system to halt for world 'world'
[18:48:02] [Server thread/INFO]: [ChunkHolderManager] Halted chunk system for world 'world'
[18:48:02] [Server thread/INFO]: [ChunkHolderManager] Saving all chunkholders for world 'world'
[18:48:02] [Server thread/INFO]: [ChunkHolderManager] Saved 0 block chunks, 0 entity chunks, 0 poi chunks in world 'world' in 0.04s
[18:48:02] [Server thread/INFO]: [ChunkHolderManager] Waiting 60s for chunk I/O to halt for world 'world'
[18:48:02] [Server thread/INFO]: [ChunkHolderManager] Halted I/O scheduler for world 'world'
[18:48:02] [Server thread/INFO]: Saving chunks for level 'ServerLevel[world_nether]'/minecraft:the_nether
[18:48:02] [Server thread/INFO]: [ChunkHolderManager] Waiting 60s for chunk system to halt for world 'world_nether'
[18:48:02] [Server thread/INFO]: [ChunkHolderManager] Halted chunk system for world 'world_nether'
[18:48:02] [Server thread/INFO]: [ChunkHolderManager] Saving all chunkholders for world 'world_nether'
[18:48:02] [Server thread/INFO]: [ChunkHolderManager] Saved 0 block chunks, 0 entity chunks, 0 poi chunks in world 'world_nether' in 0.05s
[18:48:02] [Server thread/INFO]: [ChunkHolderManager] Waiting 60s for chunk I/O to halt for world 'world_nether'
[18:48:02] [Server thread/INFO]: [ChunkHolderManager] Halted I/O scheduler for world 'world_nether'
[18:48:02] [Server thread/INFO]: Saving chunks for level 'ServerLevel[world_the_end]'/minecraft:the_end
[18:48:02] [Server thread/INFO]: [ChunkHolderManager] Waiting 60s for chunk system to halt for world 'world_the_end'
[18:48:02] [Server thread/INFO]: [ChunkHolderManager] Halted chunk system for world 'world_the_end'
[18:48:02] [Server thread/INFO]: [ChunkHolderManager] Saving all chunkholders for world 'world_the_end'
[18:48:02] [Server thread/INFO]: [ChunkHolderManager] Saved 0 block chunks, 0 entity chunks, 0 poi chunks in world 'world_the_end' in 0.07s
[18:48:02] [Server thread/INFO]: [ChunkHolderManager] Waiting 60s for chunk I/O to halt for world 'world_the_end'
[18:48:02] [Server thread/INFO]: [ChunkHolderManager] Halted I/O scheduler for world 'world_the_end'
[18:48:02] [Server thread/INFO]: ThreadedAnvilChunkStorage (world): All chunks are saved
[18:48:02] [Server thread/INFO]: ThreadedAnvilChunkStorage (DIM-1): All chunks are saved
[18:48:02] [Server thread/INFO]: ThreadedAnvilChunkStorage (DIM1): All chunks are saved
[18:48:02] [Server thread/INFO]: ThreadedAnvilChunkStorage: All dimensions are saved
[18:48:02] [Server thread/INFO]: Waiting for all RegionFile I/O tasks to complete...
[18:48:02] [Server thread/INFO]: All RegionFile I/O tasks to complete
[18:48:02] [Server thread/INFO]: [MoonriseCommon] Awaiting termination of worker pool for up to 60s...
[18:48:02] [Server thread/INFO]: [MoonriseCommon] Awaiting termination of I/O pool for up to 60s...
